d:\!tools\!code\external trainer ac\external trainer ac\debug\vc143.pdb
d:\!tools\!code\external trainer ac\external trainer ac\debug\vc143.idb
d:\!tools\!code\external trainer ac\external trainer ac\debug\proc.obj
d:\!tools\!code\external trainer ac\external trainer ac\debug\external memory editor.obj
d:\!tools\!code\external trainer ac\debug\external trainer ac.exe
d:\!tools\!code\external trainer ac\external trainer ac\debug\external trainer ac.ilk
d:\!tools\!code\external trainer ac\debug\external trainer ac.pdb
d:\!tools\!code\external trainer ac\external trainer ac\debug\external memory editor.ilk
d:\!tools\!code\external trainer ac\debug\external memory editor.exe
d:\!tools\!code\external trainer ac\debug\external memory editor.pdb
d:\!tools\!code\external trainer ac\external trainer ac\debug\external trainer ac.obj
d:\!tools\!code\external trainer ac\external trainer ac\debug\vc142.idb
d:\!tools\!code\external trainer ac\external trainer ac\debug\vc142.pdb
d:\!tools\!code\external trainer ac\external trainer ac\debug\external.8a527d85.tlog\cl.command.1.tlog
d:\!tools\!code\external trainer ac\external trainer ac\debug\external.8a527d85.tlog\cl.items.tlog
d:\!tools\!code\external trainer ac\external trainer ac\debug\external.8a527d85.tlog\cl.read.1.tlog
d:\!tools\!code\external trainer ac\external trainer ac\debug\external.8a527d85.tlog\cl.write.1.tlog
d:\!tools\!code\external trainer ac\external trainer ac\debug\external.8a527d85.tlog\link.command.1.tlog
d:\!tools\!code\external trainer ac\external trainer ac\debug\external.8a527d85.tlog\link.read.1.tlog
d:\!tools\!code\external trainer ac\external trainer ac\debug\external.8a527d85.tlog\link.write.1.tlog
